Arguments: 
  /usr/local/Cellar/node/9.7.1/bin/node /usr/local/Cellar/yarn/1.5.1/libexec/bin/yarn.js build

PATH: 
  /Users/matthewcarpowich/.rvm/gems/ruby-2.5.0/bin:/Users/matthewcarpowich/.rvm/gems/ruby-2.5.0@global/bin:/Users/matthewcarpowich/.rvm/rubies/ruby-2.5.0/bin:/Library/Frameworks/Python.framework/Versions/3.6/bin:/usr/local/bin:/usr/bin:/bin:/usr/sbin:/sbin:/usr/local/share/dotnet:/usr/local/go/bin:/Library/Frameworks/Mono.framework/Versions/Current/Commands:/Users/matthewcarpowich/.rvm/bin:/Users/matthewcarpowich/go/bin

Yarn version: 
  1.5.1

Node version: 
  9.7.1

Platform: 
  darwin x64

npm manifest: 
  No manifest

yarn manifest: 
  No manifest

Lockfile: 
  No lockfile

Trace: 
  Error: Couldn't find a package.json file in "/Users/matthewcarpowich/go/src/github.com/mattcarpowich1/cueapp"
      at new MessageError (/usr/local/Cellar/yarn/1.5.1/libexec/lib/cli.js:186:110)
      at /usr/local/Cellar/yarn/1.5.1/libexec/lib/cli.js:40048:15
      at Generator.next (<anonymous>)
      at step (/usr/local/Cellar/yarn/1.5.1/libexec/lib/cli.js:98:30)
      at /usr/local/Cellar/yarn/1.5.1/libexec/lib/cli.js:109:13
      at <anonymous>
